<?xml version="1.0" encoding="UTF-8"?>
<!-- Generated by org.testng.reporters.JUnitReportReporter -->
<testsuite hostname="nagabhushan" failures="0" tests="2" name="com.smoketest.MultiTest" time="10.204" errors="0" timestamp="2022-07-07T21:36:35 IST" skipped="0">
  <testcase classname="com.smoketest.MultiTest" name="SelectDropDown" time="3.434"/>
  <system-out/>
  <testcase classname="com.smoketest.MultiTest" name="AdvanceDropDown" time="6.770"/>
  <system-out/>
</testsuite> <!-- com.smoketest.MultiTest -->
