<?xml version="1.0" encoding="UTF-8"?>
<!-- Generated by org.testng.reporters.JUnitReportReporter -->
<testsuite hostname="nagabhushan" failures="0" tests="1" name="com.smoketest.DragDrop" time="8.163" errors="0" timestamp="2022-07-07T21:25:37 IST" skipped="0">
  <testcase classname="com.smoketest.DragDrop" name="Test1" time="8.163"/>
  <system-out/>
</testsuite> <!-- com.smoketest.DragDrop -->
